
The following files have been resolved:
   org.apache.tomcat.embed:tomcat-embed-el:jar:8.0.28:compile
   org.apache.tomcat:tomcat-util-scan:jar:8.0.28:compile
   org.apache.tomcat:tomcat-util:jar:8.0.28:compile
   org.apache.tomcat:tomcat-servlet-api:jar:8.0.28:compile
   org.apache.httpcomponents:httpclient:jar:4.5.3:compile
   org.apache.tomcat.embed:tomcat-embed-logging-juli:jar:8.0.28:compile
   org.apache.tomcat.embed:tomcat-embed-core:jar:8.0.28:compile
   org.apache.httpcomponents:httpcore:jar:4.4.6:compile
   org.json:json:jar:20160810:compile
   org.postgresql:postgresql:jar:9.4.1208:compile
   commons-codec:commons-codec:jar:1.9:compile
   org.apache.tomcat:tomcat-jsp-api:jar:8.0.28:compile
   commons-logging:commons-logging:jar:1.2:compile
   org.apache.tomcat:tomcat-jasper:jar:8.0.28:compile
   org.eclipse.jdt.core.compiler:ecj:jar:4.4.2:compile
   org.apache.tomcat:tomcat-el-api:jar:8.0.28:compile
   org.apache.tomcat.embed:tomcat-embed-jasper:jar:8.0.28:compile
   org.apache.tomcat:tomcat-api:jar:8.0.28:compile
   org.apache.tomcat:tomcat-jasper-el:jar:8.0.28:compile
   org.apache.tomcat:tomcat-juli:jar:8.0.28:compile
   commons-net:commons-net:jar:3.6:compile

